<?xml version="1.0" encoding="UTF-8"?>
<!-- Generated by org.testng.reporters.JUnitReportReporter -->
<testsuite hostname="DESKTOP-JNSGUR0" failures="0" tests="1" name="TestCases.TestingPage" time="14.804" errors="0" timestamp="2021-12-20T11:52:57 IST" skipped="0">
  <testcase classname="TestCases.TestingPage" name="selectSection" time="14.804"/>
  <system-out/>
</testsuite> <!-- TestCases.TestingPage -->
